<?xml version="1.0" encoding="UTF-8"?>
<testng-results skipped="0" failed="0" ignored="0" total="2" passed="2">
  <reporter-output>
  </reporter-output>
  <suite name="Default suite" duration-ms="12066" started-at="2017-06-30T22:29:03Z" finished-at="2017-06-30T22:29:15Z">
    <groups>
    </groups>
    <test name="Default test" duration-ms="12066" started-at="2017-06-30T22:29:03Z" finished-at="2017-06-30T22:29:15Z">
      <class name="konferencja.AppTest">
        <test-method status="PASS" signature="addUsersArticles()[pri:1, instance:konferencja.AppTest@506ae4d4]" name="addUsersArticles" duration-ms="9869" started-at="2017-06-30T23:29:03Z" description="Creation of users and articles" finished-at="2017-06-30T23:29:13Z">
          <reporter-output>
          </reporter-output>
        </test-method> <!-- addUsersArticles -->
        <test-method status="PASS" signature="addReviewers()[pri:2, instance:konferencja.AppTest@506ae4d4]" name="addReviewers" duration-ms="2176" started-at="2017-06-30T23:29:13Z" description="Adding reviewers" finished-at="2017-06-30T23:29:15Z">
          <reporter-output>
          </reporter-output>
        </test-method> <!-- addReviewers -->
      </class> <!-- konferencja.AppTest -->
    </test> <!-- Default test -->
  </suite> <!-- Default suite -->
</testng-results>
